# JRE version: Java(TM) SE Runtime Environment (15.0.1+9) (build 15.0.1+9-18)
# Java VM: Java HotSpot(TM) 64-Bit Server VM (15.0.1+9-18, mixed mode, sharing, tiered, compressed oops, g1 gc, windows-amd64)
GC Precious Log:
 CPUs: 8 total, 8 available
 Memory: 16178M
 Large Page Support: Disabled
 NUMA Support: Disabled
 Compressed Oops: Enabled (32-bit)
 Heap Region Size: 1M
 Heap Min Capacity: 256M
 Heap Initial Capacity: 256M
 Heap Max Capacity: 512M
 Pre-touch: Disabled
 Parallel Workers: 8
 Concurrent Workers: 2
 Concurrent Refinement Workers: 8
 Periodic GC: Disabled
Heap:
 garbage-first heap   total 398336K, used 203756K [0x00000000e0000000, 0x0000000100000000)
  region size 1024K, 25 young (25600K), 8 survivors (8192K)
 Metaspace       used 113548K, capacity 116355K, committed 116524K, reserved 356352K
  class space    used 13789K, capacity 14628K, committed 14720K, reserved 253952K
GC Heap History (20 events):
Event: 7944.331 GC heap before
{Heap before GC invocations=41 (full 0):
 garbage-first heap   total 362496K, used 287563K [0x00000000e0000000, 0x0000000100000000)
  region size 1024K, 103 young (105472K), 12 survivors (12288K)
 Metaspace       used 110646K, capacity 113469K, committed 113708K, reserved 354304K
  class space    used 13539K, capacity 14387K, committed 14464K, reserved 253952K
}
Event: 7944.347 GC heap after
{Heap after GC invocations=42 (full 0):
 garbage-first heap   total 362496K, used 204482K [0x00000000e0000000, 0x0000000100000000)
  region size 1024K, 13 young (13312K), 13 survivors (13312K)
 Metaspace       used 110646K, capacity 113469K, committed 113708K, reserved 354304K
  class space    used 13539K, capacity 14387K, committed 14464K, reserved 253952K
}
Event: 7945.290 GC heap before
{Heap before GC invocations=43 (full 0):
 garbage-first heap   total 384000K, used 290498K [0x00000000e0000000, 0x0000000100000000)
  region size 1024K, 98 young (100352K), 13 survivors (13312K)
 Metaspace       used 112358K, capacity 115200K, committed 115372K, reserved 356352K
  class space    used 13724K, capacity 14580K, committed 14592K, reserved 253952K
}
Event: 7945.300 GC heap after
{Heap after GC invocations=44 (full 0):
 garbage-first heap   total 384000K, used 206688K [0x00000000e0000000, 0x0000000100000000)
  region size 1024K, 3 young (3072K), 3 survivors (3072K)
 Metaspace       used 112358K, capacity 115200K, committed 115372K, reserved 356352K
  class space    used 13724K, capacity 14580K, committed 14592K, reserved 253952K
}
Event: 7945.424 GC heap before
{Heap before GC invocations=44 (full 0):
 garbage-first heap   total 384000K, used 221024K [0x00000000e0000000, 0x0000000100000000)
  region size 1024K, 18 young (18432K), 3 survivors (3072K)
 Metaspace       used 112491K, capacity 115264K, committed 115372K, reserved 356352K
  class space    used 13732K, capacity 14580K, committed 14592K, reserved 253952K
}
Event: 7945.464 GC heap after
{Heap after GC invocations=45 (full 0):
 garbage-first heap   total 384000K, used 191771K [0x00000000e0000000, 0x0000000100000000)
  region size 1024K, 1 young (1024K), 1 survivors (1024K)
 Metaspace       used 112491K, capacity 115264K, committed 115372K, reserved 356352K
  class space    used 13732K, capacity 14580K, committed 14592K, reserved 253952K
}
Event: 7946.145 GC heap before
{Heap before GC invocations=45 (full 0):
 garbage-first heap   total 384000K, used 308507K [0x00000000e0000000, 0x0000000100000000)
  region size 1024K, 113 young (115712K), 1 survivors (1024K)
 Metaspace       used 112709K, capacity 115520K, committed 115628K, reserved 356352K
  class space    used 13738K, capacity 14580K, committed 14592K, reserved 253952K
}
Event: 7946.157 GC heap after
{Heap after GC invocations=46 (full 0):
 garbage-first heap   total 384000K, used 194211K [0x00000000e0000000, 0x0000000100000000)
  region size 1024K, 4 young (4096K), 4 survivors (4096K)
 Metaspace       used 112709K, capacity 115520K, committed 115628K, reserved 356352K
  class space    used 13738K, capacity 14580K, committed 14592K, reserved 253952K
}
Event: 7946.884 GC heap before
{Heap before GC invocations=47 (full 0):
 garbage-first heap   total 398336K, used 310592K [0x00000000e0000000, 0x0000000100000000)
  region size 1024K, 118 young (120832K), 4 survivors (4096K)
 Metaspace       used 112872K, capacity 115706K, committed 115884K, reserved 356352K
  class space    used 13742K, capacity 14578K, committed 14592K, reserved 253952K
}
Event: 7946.890 GC heap after
{Heap after GC invocations=48 (full 0):
 garbage-first heap   total 398336K, used 195584K [0x00000000e0000000, 0x0000000100000000)
  region size 1024K, 5 young (5120K), 5 survivors (5120K)
 Metaspace       used 112872K, capacity 115706K, committed 115884K, reserved 356352K
  class space    used 13742K, capacity 14578K, committed 14592K, reserved 253952K
}
Event: 7947.632 GC heap before
{Heap before GC invocations=48 (full 0):
 garbage-first heap   total 398336K, used 327680K [0x00000000e0000000, 0x0000000100000000)
  region size 1024K, 134 young (137216K), 5 survivors (5120K)
 Metaspace       used 113210K, capacity 116064K, committed 116268K, reserved 356352K
  class space    used 13759K, capacity 14611K, committed 14720K, reserved 253952K
}
Event: 7947.643 GC heap after
{Heap after GC invocations=49 (full 0):
 garbage-first heap   total 398336K, used 198964K [0x00000000e0000000, 0x0000000100000000)
  region size 1024K, 9 young (9216K), 9 survivors (9216K)
 Metaspace       used 113210K, capacity 116064K, committed 116268K, reserved 356352K
  class space    used 13759K, capacity 14611K, committed 14720K, reserved 253952K
}
Event: 7948.799 GC heap before
{Heap before GC invocations=50 (full 0):
 garbage-first heap   total 398336K, used 331060K [0x00000000e0000000, 0x0000000100000000)
  region size 1024K, 138 young (141312K), 9 survivors (9216K)
 Metaspace       used 113281K, capacity 116064K, committed 116268K, reserved 356352K
  class space    used 13769K, capacity 14611K, committed 14720K, reserved 253952K
}
Event: 7948.807 GC heap after
{Heap after GC invocations=51 (full 0):
 garbage-first heap   total 398336K, used 198823K [0x00000000e0000000, 0x0000000100000000)
  region size 1024K, 9 young (9216K), 9 survivors (9216K)
 Metaspace       used 113281K, capacity 116064K, committed 116268K, reserved 356352K
  class space    used 13769K, capacity 14611K, committed 14720K, reserved 253952K
}
Event: 7948.891 GC heap before
{Heap before GC invocations=51 (full 0):
 garbage-first heap   total 398336K, used 209063K [0x00000000e0000000, 0x0000000100000000)
  region size 1024K, 19 young (19456K), 9 survivors (9216K)
 Metaspace       used 113282K, capacity 116064K, committed 116268K, reserved 356352K
  class space    used 13769K, capacity 14611K, committed 14720K, reserved 253952K
}
Event: 7948.944 GC heap after
{Heap after GC invocations=52 (full 0):
 garbage-first heap   total 398336K, used 181099K [0x00000000e0000000, 0x0000000100000000)
  region size 1024K, 2 young (2048K), 2 survivors (2048K)
 Metaspace       used 113282K, capacity 116064K, committed 116268K, reserved 356352K
  class space    used 13769K, capacity 14611K, committed 14720K, reserved 253952K
}
Event: 7950.111 GC heap before
{Heap before GC invocations=52 (full 0):
 garbage-first heap   total 398336K, used 330603K [0x00000000e0000000, 0x0000000100000000)
  region size 1024K, 148 young (151552K), 2 survivors (2048K)
 Metaspace       used 113507K, capacity 116291K, committed 116524K, reserved 356352K
  class space    used 13788K, capacity 14628K, committed 14720K, reserved 253952K
}
Event: 7950.120 GC heap after
{Heap after GC invocations=53 (full 0):
 garbage-first heap   total 398336K, used 183727K [0x00000000e0000000, 0x0000000100000000)
  region size 1024K, 4 young (4096K), 4 survivors (4096K)
 Metaspace       used 113507K, capacity 116291K, committed 116524K, reserved 356352K
  class space    used 13788K, capacity 14628K, committed 14720K, reserved 253952K
}
Event: 7950.904 GC heap before
{Heap before GC invocations=53 (full 0):
 garbage-first heap   total 398336K, used 336303K [0x00000000e0000000, 0x0000000100000000)
  region size 1024K, 153 young (156672K), 4 survivors (4096K)
 Metaspace       used 113537K, capacity 116355K, committed 116524K, reserved 356352K
  class space    used 13789K, capacity 14628K, committed 14720K, reserved 253952K
}
Event: 7950.911 GC heap after
{Heap after GC invocations=54 (full 0):
 garbage-first heap   total 398336K, used 187372K [0x00000000e0000000, 0x0000000100000000)
  region size 1024K, 8 young (8192K), 8 survivors (8192K)
 Metaspace       used 113537K, capacity 116355K, committed 116524K, reserved 356352K
  class space    used 13789K, capacity 14628K, committed 14720K, reserved 253952K
}

