# JRE version: Java(TM) SE Runtime Environment (15.0.1+9) (build 15.0.1+9-18)
# Java VM: Java HotSpot(TM) 64-Bit Server VM (15.0.1+9-18, mixed mode, sharing, tiered, compressed oops, g1 gc, windows-amd64)
GC Precious Log:
 CPUs: 8 total, 8 available
 Memory: 16178M
 Large Page Support: Disabled
 NUMA Support: Disabled
 Compressed Oops: Enabled (32-bit)
 Heap Region Size: 1M
 Heap Min Capacity: 256M
 Heap Initial Capacity: 256M
 Heap Max Capacity: 512M
 Pre-touch: Disabled
 Parallel Workers: 8
 Concurrent Workers: 2
 Concurrent Refinement Workers: 8
 Periodic GC: Disabled
Heap:
 garbage-first heap   total 524288K, used 299565K [0x00000000e0000000, 0x0000000100000000)
  region size 1024K, 25 young (25600K), 3 survivors (3072K)
 Metaspace       used 119303K, capacity 122588K, committed 122832K, reserved 362496K
  class space    used 14300K, capacity 15243K, committed 15356K, reserved 253952K
GC Heap History (20 events):
Event: 2279.487 GC heap before
{Heap before GC invocations=164 (full 0):
 garbage-first heap   total 524288K, used 403456K [0x00000000e0000000, 0x0000000100000000)
  region size 1024K, 222 young (227328K), 9 survivors (9216K)
 Metaspace       used 118474K, capacity 121720K, committed 121936K, reserved 362496K
  class space    used 14203K, capacity 15173K, committed 15228K, reserved 253952K
}
Event: 2279.498 GC heap after
{Heap after GC invocations=165 (full 0):
 garbage-first heap   total 524288K, used 198319K [0x00000000e0000000, 0x0000000100000000)
  region size 1024K, 22 young (22528K), 22 survivors (22528K)
 Metaspace       used 118474K, capacity 121720K, committed 121936K, reserved 362496K
  class space    used 14203K, capacity 15173K, committed 15228K, reserved 253952K
}
Event: 2280.347 GC heap before
{Heap before GC invocations=165 (full 0):
 garbage-first heap   total 524288K, used 409263K [0x00000000e0000000, 0x0000000100000000)
  region size 1024K, 229 young (234496K), 22 survivors (22528K)
 Metaspace       used 118510K, capacity 121784K, committed 121936K, reserved 362496K
  class space    used 14203K, capacity 15173K, committed 15228K, reserved 253952K
}
Event: 2280.374 GC heap after
{Heap after GC invocations=166 (full 0):
 garbage-first heap   total 524288K, used 222075K [0x00000000e0000000, 0x0000000100000000)
  region size 1024K, 29 young (29696K), 29 survivors (29696K)
 Metaspace       used 118510K, capacity 121784K, committed 121936K, reserved 362496K
  class space    used 14203K, capacity 15173K, committed 15228K, reserved 253952K
}
Event: 2280.915 GC heap before
{Heap before GC invocations=166 (full 0):
 garbage-first heap   total 524288K, used 409467K [0x00000000e0000000, 0x0000000100000000)
  region size 1024K, 212 young (217088K), 29 survivors (29696K)
 Metaspace       used 118511K, capacity 121784K, committed 121936K, reserved 362496K
  class space    used 14203K, capacity 15173K, committed 15228K, reserved 253952K
}
Event: 2280.962 GC heap after
{Heap after GC invocations=167 (full 0):
 garbage-first heap   total 524288K, used 253294K [0x00000000e0000000, 0x0000000100000000)
  region size 1024K, 27 young (27648K), 27 survivors (27648K)
 Metaspace       used 118511K, capacity 121784K, committed 121936K, reserved 362496K
  class space    used 14203K, capacity 15173K, committed 15228K, reserved 253952K
}
Event: 2281.790 GC heap before
{Heap before GC invocations=168 (full 0):
 garbage-first heap   total 524288K, used 408942K [0x00000000e0000000, 0x0000000100000000)
  region size 1024K, 177 young (181248K), 27 survivors (27648K)
 Metaspace       used 118530K, capacity 121848K, committed 121936K, reserved 362496K
  class space    used 14206K, capacity 15173K, committed 15228K, reserved 253952K
}
Event: 2281.854 GC heap after
{Heap after GC invocations=169 (full 0):
 garbage-first heap   total 524288K, used 281088K [0x00000000e0000000, 0x0000000100000000)
  region size 1024K, 23 young (23552K), 23 survivors (23552K)
 Metaspace       used 118530K, capacity 121848K, committed 121936K, reserved 362496K
  class space    used 14206K, capacity 15173K, committed 15228K, reserved 253952K
}
Event: 2281.869 GC heap before
{Heap before GC invocations=169 (full 0):
 garbage-first heap   total 524288K, used 283136K [0x00000000e0000000, 0x0000000100000000)
  region size 1024K, 25 young (25600K), 23 survivors (23552K)
 Metaspace       used 118530K, capacity 121848K, committed 121936K, reserved 362496K
  class space    used 14206K, capacity 15173K, committed 15228K, reserved 253952K
}
Event: 2281.969 GC heap after
{Heap after GC invocations=170 (full 0):
 garbage-first heap   total 524288K, used 257024K [0x00000000e0000000, 0x0000000100000000)
  region size 1024K, 4 young (4096K), 4 survivors (4096K)
 Metaspace       used 118530K, capacity 121848K, committed 121936K, reserved 362496K
  class space    used 14206K, capacity 15173K, committed 15228K, reserved 253952K
}
Event: 2282.205 GC heap before
{Heap before GC invocations=170 (full 0):
 garbage-first heap   total 524288K, used 285696K [0x00000000e0000000, 0x0000000100000000)
  region size 1024K, 33 young (33792K), 4 survivors (4096K)
 Metaspace       used 118531K, capacity 121848K, committed 121936K, reserved 362496K
  class space    used 14206K, capacity 15173K, committed 15228K, reserved 253952K
}
Event: 2282.241 GC heap after
{Heap after GC invocations=171 (full 0):
 garbage-first heap   total 524288K, used 258042K [0x00000000e0000000, 0x0000000100000000)
  region size 1024K, 5 young (5120K), 5 survivors (5120K)
 Metaspace       used 118531K, capacity 121848K, committed 121936K, reserved 362496K
  class space    used 14206K, capacity 15173K, committed 15228K, reserved 253952K
}
Event: 2283.286 GC heap before
{Heap before GC invocations=172 (full 0):
 garbage-first heap   total 524288K, used 405498K [0x00000000e0000000, 0x0000000100000000)
  region size 1024K, 149 young (152576K), 5 survivors (5120K)
 Metaspace       used 118696K, capacity 121948K, committed 122192K, reserved 362496K
  class space    used 14234K, capacity 15179K, committed 15228K, reserved 253952K
}
Event: 2283.313 GC heap after
{Heap after GC invocations=173 (full 0):
 garbage-first heap   total 524288K, used 276472K [0x00000000e0000000, 0x0000000100000000)
  region size 1024K, 19 young (19456K), 19 survivors (19456K)
 Metaspace       used 118696K, capacity 121948K, committed 122192K, reserved 362496K
  class space    used 14234K, capacity 15179K, committed 15228K, reserved 253952K
}
Event: 2283.336 GC heap before
{Heap before GC invocations=173 (full 0):
 garbage-first heap   total 524288K, used 281592K [0x00000000e0000000, 0x0000000100000000)
  region size 1024K, 25 young (25600K), 19 survivors (19456K)
 Metaspace       used 118696K, capacity 121948K, committed 122192K, reserved 362496K
  class space    used 14234K, capacity 15179K, committed 15228K, reserved 253952K
}
Event: 2283.364 GC heap after
{Heap after GC invocations=174 (full 0):
 garbage-first heap   total 524288K, used 279729K [0x00000000e0000000, 0x0000000100000000)
  region size 1024K, 3 young (3072K), 3 survivors (3072K)
 Metaspace       used 118696K, capacity 121948K, committed 122192K, reserved 362496K
  class space    used 14234K, capacity 15179K, committed 15228K, reserved 253952K
}
Event: 2284.278 GC heap before
{Heap before GC invocations=175 (full 0):
 garbage-first heap   total 524288K, used 418993K [0x00000000e0000000, 0x0000000100000000)
  region size 1024K, 138 young (141312K), 3 survivors (3072K)
 Metaspace       used 119199K, capacity 122460K, committed 122576K, reserved 362496K
  class space    used 14283K, capacity 15243K, committed 15356K, reserved 253952K
}
Event: 2284.306 GC heap after
{Heap after GC invocations=176 (full 0):
 garbage-first heap   total 524288K, used 302832K [0x00000000e0000000, 0x0000000100000000)
  region size 1024K, 18 young (18432K), 18 survivors (18432K)
 Metaspace       used 119199K, capacity 122460K, committed 122576K, reserved 362496K
  class space    used 14283K, capacity 15243K, committed 15356K, reserved 253952K
}
Event: 2284.324 GC heap before
{Heap before GC invocations=176 (full 0):
 garbage-first heap   total 524288K, used 308976K [0x00000000e0000000, 0x0000000100000000)
  region size 1024K, 25 young (25600K), 18 survivors (18432K)
 Metaspace       used 119199K, capacity 122460K, committed 122576K, reserved 362496K
  class space    used 14283K, capacity 15243K, committed 15356K, reserved 253952K
}
Event: 2284.394 GC heap after
{Heap after GC invocations=177 (full 0):
 garbage-first heap   total 524288K, used 278061K [0x00000000e0000000, 0x0000000100000000)
  region size 1024K, 3 young (3072K), 3 survivors (3072K)
 Metaspace       used 119199K, capacity 122460K, committed 122576K, reserved 362496K
  class space    used 14283K, capacity 15243K, committed 15356K, reserved 253952K
}

